# JRE version: Java(TM) SE Runtime Environment (19.0.1+10) (build 19.0.1+10-21)
# Java VM: Java HotSpot(TM) 64-Bit Server VM (19.0.1+10-21, mixed mode, sharing, tiered, compressed oops, compressed class ptrs, g1 gc, windows-amd64)
GC Precious Log:
 CardTable entry size: 512
 Card Set container configuration: InlinePtr #cards 5 size 8 Array Of Cards #cards 12 size 40 Howl #buckets 4 coarsen threshold 1843 Howl Bitmap #cards 512 size 80 coarsen threshold 460 Card regions per heap region 1 cards per card region 2048
 CPUs: 4 total, 4 available
 Memory: 8089M
 Large Page Support: Disabled
 NUMA Support: Disabled
 Compressed Oops: Enabled (32-bit)
 Heap Region Size: 1M
 Heap Min Capacity: 8M
 Heap Initial Capacity: 128M
 Heap Max Capacity: 2024M
 Pre-touch: Disabled
 Parallel Workers: 4
 Concurrent Workers: 1
 Concurrent Refinement Workers: 4
 Periodic GC: Disabled
Heap:
 garbage-first heap   total 89088K, used 39997K [0x0000000081800000, 0x0000000100000000)
  region size 1024K, 13 young (13312K), 2 survivors (2048K)
 Metaspace       used 69347K, committed 70016K, reserved 1114112K
  class space    used 9030K, committed 9344K, reserved 1048576K
GC Heap History (20 events):
Event: 11.544 GC heap before
{Heap before GC invocations=14 (full 0):
 garbage-first heap   total 51200K, used 37960K [0x0000000081800000, 0x0000000100000000)
  region size 1024K, 18 young (18432K), 2 survivors (2048K)
 Metaspace       used 54878K, committed 55424K, reserved 1114112K
  class space    used 7029K, committed 7232K, reserved 1048576K
}
Event: 11.549 GC heap after
{Heap after GC invocations=15 (full 0):
 garbage-first heap   total 51200K, used 23378K [0x0000000081800000, 0x0000000100000000)
  region size 1024K, 3 young (3072K), 3 survivors (3072K)
 Metaspace       used 54878K, committed 55424K, reserved 1114112K
  class space    used 7029K, committed 7232K, reserved 1048576K
}
Event: 11.966 GC heap before
{Heap before GC invocations=15 (full 0):
 garbage-first heap   total 51200K, used 39762K [0x0000000081800000, 0x0000000100000000)
  region size 1024K, 19 young (19456K), 3 survivors (3072K)
 Metaspace       used 59264K, committed 59840K, reserved 1114112K
  class space    used 7753K, committed 8000K, reserved 1048576K
}
Event: 11.971 GC heap after
{Heap after GC invocations=16 (full 0):
 garbage-first heap   total 89088K, used 24245K [0x0000000081800000, 0x0000000100000000)
  region size 1024K, 2 young (2048K), 2 survivors (2048K)
 Metaspace       used 59264K, committed 59840K, reserved 1114112K
  class space    used 7753K, committed 8000K, reserved 1048576K
}
Event: 12.148 GC heap before
{Heap before GC invocations=16 (full 0):
 garbage-first heap   total 89088K, used 29365K [0x0000000081800000, 0x0000000100000000)
  region size 1024K, 9 young (9216K), 2 survivors (2048K)
 Metaspace       used 60360K, committed 60928K, reserved 1114112K
  class space    used 7847K, committed 8128K, reserved 1048576K
}
Event: 12.154 GC heap after
{Heap after GC invocations=17 (full 0):
 garbage-first heap   total 89088K, used 25001K [0x0000000081800000, 0x0000000100000000)
  region size 1024K, 3 young (3072K), 3 survivors (3072K)
 Metaspace       used 60360K, committed 60928K, reserved 1114112K
  class space    used 7847K, committed 8128K, reserved 1048576K
}
Event: 13.577 GC heap before
{Heap before GC invocations=18 (full 0):
 garbage-first heap   total 89088K, used 69033K [0x0000000081800000, 0x0000000100000000)
  region size 1024K, 46 young (47104K), 3 survivors (3072K)
 Metaspace       used 66227K, committed 66880K, reserved 1114112K
  class space    used 8690K, committed 9024K, reserved 1048576K
}
Event: 13.588 GC heap after
{Heap after GC invocations=19 (full 0):
 garbage-first heap   total 89088K, used 28863K [0x0000000081800000, 0x0000000100000000)
  region size 1024K, 6 young (6144K), 6 survivors (6144K)
 Metaspace       used 66227K, committed 66880K, reserved 1114112K
  class space    used 8690K, committed 9024K, reserved 1048576K
}
Event: 13.616 GC heap before
{Heap before GC invocations=19 (full 0):
 garbage-first heap   total 89088K, used 29887K [0x0000000081800000, 0x0000000100000000)
  region size 1024K, 7 young (7168K), 6 survivors (6144K)
 Metaspace       used 66276K, committed 66944K, reserved 1114112K
  class space    used 8696K, committed 9024K, reserved 1048576K
}
Event: 13.628 GC heap after
{Heap after GC invocations=20 (full 0):
 garbage-first heap   total 89088K, used 29539K [0x0000000081800000, 0x0000000100000000)
  region size 1024K, 1 young (1024K), 1 survivors (1024K)
 Metaspace       used 66276K, committed 66944K, reserved 1114112K
  class space    used 8696K, committed 9024K, reserved 1048576K
}
Event: 1001.810 GC heap before
{Heap before GC invocations=20 (full 0):
 garbage-first heap   total 89088K, used 69475K [0x0000000081800000, 0x0000000100000000)
  region size 1024K, 40 young (40960K), 1 survivors (1024K)
 Metaspace       used 66848K, committed 67456K, reserved 1114112K
  class space    used 8758K, committed 9024K, reserved 1048576K
}
Event: 1001.812 GC heap after
{Heap after GC invocations=21 (full 0):
 garbage-first heap   total 89088K, used 28786K [0x0000000081800000, 0x0000000100000000)
  region size 1024K, 1 young (1024K), 1 survivors (1024K)
 Metaspace       used 66848K, committed 67456K, reserved 1114112K
  class space    used 8758K, committed 9024K, reserved 1048576K
}
Event: 2025.829 GC heap before
{Heap before GC invocations=21 (full 0):
 garbage-first heap   total 89088K, used 70770K [0x0000000081800000, 0x0000000100000000)
  region size 1024K, 42 young (43008K), 1 survivors (1024K)
 Metaspace       used 67020K, committed 67648K, reserved 1114112K
  class space    used 8762K, committed 9024K, reserved 1048576K
}
Event: 2025.834 GC heap after
{Heap after GC invocations=22 (full 0):
 garbage-first heap   total 89088K, used 29368K [0x0000000081800000, 0x0000000100000000)
  region size 1024K, 1 young (1024K), 1 survivors (1024K)
 Metaspace       used 67020K, committed 67648K, reserved 1114112K
  class space    used 8762K, committed 9024K, reserved 1048576K
}
Event: 3204.617 GC heap before
{Heap before GC invocations=22 (full 0):
 garbage-first heap   total 89088K, used 72376K [0x0000000081800000, 0x0000000100000000)
  region size 1024K, 43 young (44032K), 1 survivors (1024K)
 Metaspace       used 67052K, committed 67648K, reserved 1114112K
  class space    used 8762K, committed 9024K, reserved 1048576K
}
Event: 3204.624 GC heap after
{Heap after GC invocations=23 (full 0):
 garbage-first heap   total 89088K, used 29340K [0x0000000081800000, 0x0000000100000000)
  region size 1024K, 1 young (1024K), 1 survivors (1024K)
 Metaspace       used 67052K, committed 67648K, reserved 1114112K
  class space    used 8762K, committed 9024K, reserved 1048576K
}
Event: 4290.379 GC heap before
{Heap before GC invocations=23 (full 0):
 garbage-first heap   total 89088K, used 73372K [0x0000000081800000, 0x0000000100000000)
  region size 1024K, 44 young (45056K), 1 survivors (1024K)
 Metaspace       used 67117K, committed 67776K, reserved 1114112K
  class space    used 8763K, committed 9024K, reserved 1048576K
}
Event: 4290.392 GC heap after
{Heap after GC invocations=24 (full 0):
 garbage-first heap   total 89088K, used 29742K [0x0000000081800000, 0x0000000100000000)
  region size 1024K, 2 young (2048K), 2 survivors (2048K)
 Metaspace       used 67117K, committed 67776K, reserved 1114112K
  class space    used 8763K, committed 9024K, reserved 1048576K
}
Event: 5375.476 GC heap before
{Heap before GC invocations=24 (full 0):
 garbage-first heap   total 89088K, used 73774K [0x0000000081800000, 0x0000000100000000)
  region size 1024K, 45 young (46080K), 2 survivors (2048K)
 Metaspace       used 67179K, committed 67776K, reserved 1114112K
  class space    used 8763K, committed 9024K, reserved 1048576K
}
Event: 5375.488 GC heap after
{Heap after GC invocations=25 (full 0):
 garbage-first heap   total 89088K, used 29757K [0x0000000081800000, 0x0000000100000000)
  region size 1024K, 2 young (2048K), 2 survivors (2048K)
 Metaspace       used 67179K, committed 67776K, reserved 1114112K
  class space    used 8763K, committed 9024K, reserved 1048576K
}

